<?xml version="1.0" encoding="UTF-8"?>
<testng-results ignored="0" total="1" passed="1" failed="0" skipped="0">
  <reporter-output>
  </reporter-output>
  <suite started-at="2023-09-18T12:27:30 CLST" name="Default suite" finished-at="2023-09-18T12:27:37 CLST" duration-ms="6397">
    <groups>
    </groups>
    <test started-at="2023-09-18T12:27:30 CLST" name="Default test" finished-at="2023-09-18T12:27:37 CLST" duration-ms="6397">
      <class name="com.petSmile.SeleniumTest.SeleniumTestAgregarAgenda">
        <test-method is-config="true" signature="beforeTest()[pri:0, instance:com.petSmile.SeleniumTest.SeleniumTestAgregarAgenda@609cd4d8]" started-at="2023-09-18T12:27:30 CLST" name="beforeTest" finished-at="2023-09-18T12:27:36 CLST" duration-ms="5572" status="PASS">
          <reporter-output>
          </reporter-output>
        </test-method> <!-- beforeTest -->
        <test-method signature="f()[pri:0, instance:com.petSmile.SeleniumTest.SeleniumTestAgregarAgenda@609cd4d8]" started-at="2023-09-18T12:27:36 CLST" name="f" finished-at="2023-09-18T12:27:37 CLST" duration-ms="661" status="PASS">
          <reporter-output>
          </reporter-output>
        </test-method> <!-- f -->
        <test-method is-config="true" signature="afterTest()[pri:0, instance:com.petSmile.SeleniumTest.SeleniumTestAgregarAgenda@609cd4d8]" started-at="2023-09-18T12:27:37 CLST" name="afterTest" finished-at="2023-09-18T12:27:37 CLST" duration-ms="144" status="PASS">
          <reporter-output>
          </reporter-output>
        </test-method> <!-- afterTest -->
      </class> <!-- com.petSmile.SeleniumTest.SeleniumTestAgregarAgenda -->
    </test> <!-- Default test -->
  </suite> <!-- Default suite -->
</testng-results>
